<?xml version="1.0" encoding="UTF-8"?>
<testng-results ignored="0" total="2" passed="2" failed="0" skipped="0">
  <reporter-output>
  </reporter-output>
  <suite started-at="2024-09-26T13:22:02 IST" name="Suite_01" finished-at="2024-09-26T13:22:02 IST" duration-ms="42">
    <groups>
    </groups>
    <test started-at="2024-09-26T13:22:02 IST" name="Test_01" finished-at="2024-09-26T13:22:02 IST" duration-ms="42">
      <class name="TestNG_session.railyatri">
        <test-method is-config="true" signature="beforeSuite()[pri:0, instance:TestNG_session.railyatri@323b36e0]" started-at="2024-09-26T13:22:02 IST" name="beforeSuite" finished-at="2024-09-26T13:22:02 IST" duration-ms="7" status="PASS">
          <reporter-output>
          </reporter-output>
        </test-method> <!-- beforeSuite -->
        <test-method is-config="true" signature="beforeTest()[pri:0, instance:TestNG_session.railyatri@323b36e0]" started-at="2024-09-26T13:22:02 IST" name="beforeTest" finished-at="2024-09-26T13:22:02 IST" duration-ms="0" status="PASS">
          <reporter-output>
          </reporter-output>
        </test-method> <!-- beforeTest -->
        <test-method is-config="true" signature="beforeClass()[pri:0, instance:TestNG_session.railyatri@323b36e0]" started-at="2024-09-26T13:22:02 IST" name="beforeClass" finished-at="2024-09-26T13:22:02 IST" duration-ms="1" status="PASS">
          <reporter-output>
          </reporter-output>
        </test-method> <!-- beforeClass -->
        <test-method is-config="true" signature="beforeMethod()[pri:0, instance:TestNG_session.railyatri@323b36e0]" started-at="2024-09-26T13:22:02 IST" name="beforeMethod" finished-at="2024-09-26T13:22:02 IST" duration-ms="1" status="PASS">
          <reporter-output>
          </reporter-output>
        </test-method> <!-- beforeMethod -->
        <test-method signature="Name()[pri:0, instance:TestNG_session.railyatri@323b36e0]" started-at="2024-09-26T13:22:02 IST" name="Name" finished-at="2024-09-26T13:22:02 IST" duration-ms="7" status="PASS">
          <reporter-output>
          </reporter-output>
        </test-method> <!-- Name -->
        <test-method is-config="true" signature="afterMethod()[pri:0, instance:TestNG_session.railyatri@323b36e0]" started-at="2024-09-26T13:22:02 IST" name="afterMethod" finished-at="2024-09-26T13:22:02 IST" duration-ms="0" status="PASS">
          <reporter-output>
          </reporter-output>
        </test-method> <!-- afterMethod -->
        <test-method signature="lastName()[pri:0, instance:TestNG_session.railyatri@323b36e0]" started-at="2024-09-26T13:22:02 IST" name="lastName" finished-at="2024-09-26T13:22:02 IST" duration-ms="1" status="PASS">
          <reporter-output>
          </reporter-output>
        </test-method> <!-- lastName -->
        <test-method is-config="true" signature="beforeMethod()[pri:0, instance:TestNG_session.railyatri@323b36e0]" started-at="2024-09-26T13:22:02 IST" name="beforeMethod" finished-at="2024-09-26T13:22:02 IST" duration-ms="0" status="PASS">
          <reporter-output>
          </reporter-output>
        </test-method> <!-- beforeMethod -->
        <test-method is-config="true" signature="afterMethod()[pri:0, instance:TestNG_session.railyatri@323b36e0]" started-at="2024-09-26T13:22:02 IST" name="afterMethod" finished-at="2024-09-26T13:22:02 IST" duration-ms="0" status="PASS">
          <reporter-output>
          </reporter-output>
        </test-method> <!-- afterMethod -->
        <test-method is-config="true" signature="afterClass()[pri:0, instance:TestNG_session.railyatri@323b36e0]" started-at="2024-09-26T13:22:02 IST" name="afterClass" finished-at="2024-09-26T13:22:02 IST" duration-ms="0" status="PASS">
          <reporter-output>
          </reporter-output>
        </test-method> <!-- afterClass -->
        <test-method is-config="true" signature="afterTest()[pri:0, instance:TestNG_session.railyatri@323b36e0]" started-at="2024-09-26T13:22:02 IST" name="afterTest" finished-at="2024-09-26T13:22:02 IST" duration-ms="0" status="PASS">
          <reporter-output>
          </reporter-output>
        </test-method> <!-- afterTest -->
        <test-method is-config="true" signature="afterSuite()[pri:0, instance:TestNG_session.railyatri@323b36e0]" started-at="2024-09-26T13:22:02 IST" name="afterSuite" finished-at="2024-09-26T13:22:02 IST" duration-ms="0" status="PASS">
          <reporter-output>
          </reporter-output>
        </test-method> <!-- afterSuite -->
      </class> <!-- TestNG_session.railyatri -->
    </test> <!-- Test_01 -->
  </suite> <!-- Suite_01 -->
</testng-results>
